{"level":"info","message":{"ip":"::1","method":"GET","timestamp":"2025-11-05T01:31:50.322Z","url":"/api/ver1/salones","usuario":"Invitado"},"timestamp":"2025-11-05T01:31:50.387Z"}
{"level":"info","message":{"ip":"::1","method":"GET","timestamp":"2025-11-05T01:31:51.345Z","url":"/favicon.ico","usuario":"Invitado"},"timestamp":"2025-11-05T01:31:51.345Z"}
{"level":"info","message":{"ip":"::1","method":"GET","timestamp":"2025-11-05T01:32:00.197Z","url":"/salones","usuario":"Invitado"},"timestamp":"2025-11-05T01:32:00.197Z"}
{"level":"info","message":{"ip":"::1","method":"GET","timestamp":"2025-11-05T01:32:22.468Z","url":"/dashboard","usuario":"Invitado"},"timestamp":"2025-11-05T01:32:22.468Z"}
{"level":"info","message":{"ip":"::1","method":"GET","timestamp":"2025-11-05T01:33:52.084Z","url":"/dashboard","usuario":"Invitado"},"timestamp":"2025-11-05T01:33:52.101Z"}
{"level":"info","message":{"ip":"::1","method":"GET","timestamp":"2025-11-05T01:36:45.305Z","url":"/dashboard","usuario":"Invitado"},"timestamp":"2025-11-05T01:36:45.314Z"}
{"level":"info","message":{"ip":"::1","method":"GET","timestamp":"2025-11-05T01:37:57.678Z","url":"/dashboard","usuario":"Invitado"},"timestamp":"2025-11-05T01:37:57.679Z"}
{"level":"info","message":{"ip":"::1","method":"GET","timestamp":"2025-11-05T01:37:57.821Z","url":"/css/admin.css","usuario":"Invitado"},"timestamp":"2025-11-05T01:37:57.821Z"}
{"level":"info","message":{"ip":"::1","method":"GET","timestamp":"2025-11-05T01:38:04.413Z","url":"/dashboard","usuario":"Invitado"},"timestamp":"2025-11-05T01:38:04.413Z"}
{"level":"info","message":{"ip":"::1","method":"GET","timestamp":"2025-11-05T01:38:04.523Z","url":"/css/admin.css","usuario":"Invitado"},"timestamp":"2025-11-05T01:38:04.523Z"}
{"level":"info","message":{"ip":"::1","method":"GET","timestamp":"2025-11-05T01:38:05.408Z","url":"/api/reportes/reservas?formato=pdf","usuario":"Invitado"},"timestamp":"2025-11-05T01:38:05.409Z"}
{"level":"info","message":{"ip":"::1","method":"GET","timestamp":"2025-11-05T01:39:51.174Z","url":"/dashboard","usuario":"Invitado"},"timestamp":"2025-11-05T01:39:51.174Z"}
{"level":"info","message":{"ip":"::1","method":"GET","timestamp":"2025-11-05T01:39:51.282Z","url":"/css/estilos.css","usuario":"Invitado"},"timestamp":"2025-11-05T01:39:51.282Z"}
{"level":"info","message":{"ip":"::1","method":"GET","timestamp":"2025-11-05T01:41:21.070Z","url":"/api/reportes/reservas?formato=pdf","usuario":"Invitado"},"timestamp":"2025-11-05T01:41:21.070Z"}
{"level":"info","message":{"ip":"::1","method":"GET","timestamp":"2025-11-05T01:42:24.750Z","url":"/api/reportes/reservas?formato=pdf","usuario":"Invitado"},"timestamp":"2025-11-05T01:42:24.763Z"}
{"level":"info","message":{"ip":"::1","method":"GET","timestamp":"2025-11-05T01:46:35.136Z","url":"/api/reportes/reservas?formato=pdf","usuario":"Invitado"},"timestamp":"2025-11-05T01:46:35.156Z"}
{"level":"info","message":{"ip":"::1","method":"GET","timestamp":"2025-11-05T01:48:03.800Z","url":"/api/reportes/reservas?formato=pdf","usuario":"Invitado"},"timestamp":"2025-11-05T01:48:03.823Z"}
{"level":"info","message":{"ip":"::1","method":"POST","timestamp":"2025-11-05T01:54:27.243Z","url":"/api/ver1/auth/login","usuario":"Invitado"},"timestamp":"2025-11-05T01:54:27.247Z"}
{"level":"info","message":{"ip":"::1","method":"GET","timestamp":"2025-11-05T01:56:56.181Z","url":"/api/reportes/reservas?formato=pdf","usuario":"Invitado"},"timestamp":"2025-11-05T01:56:56.181Z"}
{"level":"info","message":{"ip":"::1","method":"GET","timestamp":"2025-11-05T01:58:29.147Z","url":"/api/reportes/reservas?formato=pdf","usuario":"Invitado"},"timestamp":"2025-11-05T01:58:29.147Z"}
{"level":"info","message":{"ip":"::1","method":"GET","timestamp":"2025-11-05T01:59:11.620Z","url":"/api/ver1/reportes/reservas?formato=pdf","usuario":"Invitado"},"timestamp":"2025-11-05T01:59:11.621Z"}
{"level":"info","message":{"ip":"::1","method":"GET","timestamp":"2025-11-05T01:59:18.282Z","url":"/api/ver1/reportes/reservas?formato=pdf","usuario":"Invitado"},"timestamp":"2025-11-05T01:59:18.283Z"}
{"level":"info","message":{"ip":"::1","method":"GET","timestamp":"2025-11-05T02:00:53.100Z","url":"/api/ver1/reportes/reservas?formato=pdf","usuario":"Invitado"},"timestamp":"2025-11-05T02:00:53.104Z"}
{"level":"info","message":{"ip":"::1","method":"GET","timestamp":"2025-11-05T02:01:47.762Z","url":"/api/ver1/reportes/reservas?formato=pdf","usuario":"Invitado"},"timestamp":"2025-11-05T02:01:47.777Z"}
{"level":"info","message":{"ip":"::1","method":"GET","timestamp":"2025-11-05T02:01:59.813Z","url":"/api/ver1/reportes/reservas?formato=pdf","usuario":"Invitado"},"timestamp":"2025-11-05T02:01:59.813Z"}
{"level":"info","message":{"ip":"::1","method":"POST","timestamp":"2025-11-05T03:17:51.089Z","url":"/api/ver1/auth/login","usuario":"Invitado"},"timestamp":"2025-11-05T03:17:51.103Z"}
{"level":"info","message":{"ip":"::1","method":"GET","timestamp":"2025-11-05T03:18:49.781Z","url":"/api/reservas","usuario":"Invitado"},"timestamp":"2025-11-05T03:18:49.781Z"}
{"level":"info","message":{"ip":"::1","method":"GET","timestamp":"2025-11-05T03:18:56.786Z","url":"/api/ver1/reservas","usuario":"Invitado"},"timestamp":"2025-11-05T03:18:56.787Z"}
{"level":"info","message":{"ip":"::1","method":"GET","timestamp":"2025-11-05T03:19:43.540Z","url":"/api/ver1/reservas","usuario":"Invitado"},"timestamp":"2025-11-05T03:19:43.549Z"}
{"level":"info","message":{"ip":"::1","method":"GET","timestamp":"2025-11-05T03:25:27.840Z","url":"/api/ver1/reservas","usuario":"Invitado"},"timestamp":"2025-11-05T03:25:27.851Z"}
{"level":"info","message":{"ip":"::1","method":"POST","timestamp":"2025-11-05T03:26:19.245Z","url":"/api/ver1/auth/login","usuario":"Invitado"},"timestamp":"2025-11-05T03:26:19.245Z"}
{"level":"info","message":{"ip":"::1","method":"GET","timestamp":"2025-11-05T03:26:45.394Z","url":"/api/ver1/reservas","usuario":"Invitado"},"timestamp":"2025-11-05T03:26:45.394Z"}
{"level":"info","message":{"ip":"::1","method":"GET","timestamp":"2025-11-05T03:26:55.656Z","url":"/api/ver1/reservas","usuario":"Invitado"},"timestamp":"2025-11-05T03:26:55.657Z"}
{"level":"info","message":{"ip":"::1","method":"GET","timestamp":"2025-11-05T03:28:40.389Z","url":"/api/reservas","usuario":"Invitado"},"timestamp":"2025-11-05T03:28:40.405Z"}
{"level":"info","message":{"ip":"::1","method":"GET","timestamp":"2025-11-05T03:28:50.861Z","url":"/api/ver1/reservas","usuario":"Invitado"},"timestamp":"2025-11-05T03:28:50.861Z"}
{"level":"info","message":{"ip":"::1","method":"PUT","timestamp":"2025-11-05T03:32:41.830Z","url":"/api/ver1/reservas/1","usuario":"Invitado"},"timestamp":"2025-11-05T03:32:41.830Z"}
{"level":"info","message":{"ip":"::1","method":"PUT","timestamp":"2025-11-05T03:34:25.373Z","url":"/api/ver1/reservas/1","usuario":"Invitado"},"timestamp":"2025-11-05T03:34:25.374Z"}
{"level":"info","message":{"ip":"::1","method":"PUT","timestamp":"2025-11-05T03:35:20.519Z","url":"/api/ver1/reservas/1","usuario":"Invitado"},"timestamp":"2025-11-05T03:35:20.520Z"}
{"level":"info","message":{"ip":"::1","method":"POST","timestamp":"2025-11-05T03:39:08.748Z","url":"/api/ver1/reservas/crear","usuario":"Invitado"},"timestamp":"2025-11-05T03:39:08.752Z"}
{"level":"info","message":{"ip":"::1","method":"POST","timestamp":"2025-11-05T03:43:29.357Z","url":"/api/ver1/reservas/crear","usuario":"Invitado"},"timestamp":"2025-11-05T03:43:29.368Z"}
{"level":"info","message":{"ip":"::1","method":"POST","timestamp":"2025-11-05T03:47:25.817Z","url":"/api/ver1/reservas/cear","usuario":"Invitado"},"timestamp":"2025-11-05T03:47:25.841Z"}
{"level":"info","message":{"ip":"::1","method":"POST","timestamp":"2025-11-05T03:47:48.352Z","url":"/api/ver1/reservas/cear","usuario":"Invitado"},"timestamp":"2025-11-05T03:47:48.352Z"}
{"level":"info","message":{"ip":"::1","method":"GET","timestamp":"2025-11-05T03:48:41.559Z","url":"/api/ver1/reservas","usuario":"Invitado"},"timestamp":"2025-11-05T03:48:41.559Z"}
{"level":"info","message":{"ip":"::1","method":"POST","timestamp":"2025-11-05T03:52:55.788Z","url":"/api/ver1/auth/login","usuario":"Invitado"},"timestamp":"2025-11-05T03:52:55.810Z"}
{"level":"info","message":{"ip":"::1","method":"POST","timestamp":"2025-11-05T03:53:44.730Z","url":"/api/ver1/auth/login","usuario":"Invitado"},"timestamp":"2025-11-05T03:53:44.731Z"}
{"level":"info","message":{"ip":"::1","method":"POST","timestamp":"2025-11-05T03:57:44.761Z","url":"/api/ver1/auth/login","usuario":"Invitado"},"timestamp":"2025-11-05T03:57:44.763Z"}
{"level":"info","message":{"ip":"::1","method":"POST","timestamp":"2025-11-05T03:59:09.265Z","url":"/api/ver1/reservas/crear","usuario":"Invitado"},"timestamp":"2025-11-05T03:59:09.265Z"}
{"level":"info","message":{"ip":"::1","method":"POST","timestamp":"2025-11-05T04:00:17.456Z","url":"/api/ver1/auth/login","usuario":"Invitado"},"timestamp":"2025-11-05T04:00:17.472Z"}
{"level":"info","message":{"ip":"::1","method":"POST","timestamp":"2025-11-05T04:00:53.978Z","url":"/api/ver1/reservas/crear","usuario":"Invitado"},"timestamp":"2025-11-05T04:00:53.979Z"}
